[debug] [2020-12-10T18:38:22.190Z] ----------------------------------------------------------------------
[debug] [2020-12-10T18:38:22.203Z] Command:       C:\Program Files\nodejs\node.exe C:\Users\Josue\AppData\Roaming\npm\node_modules\firebase-tools\lib\bin\firebase.js init
[debug] [2020-12-10T18:38:22.205Z] CLI Version:   8.16.2
[debug] [2020-12-10T18:38:22.206Z] Platform:      win32
[debug] [2020-12-10T18:38:22.206Z] Node Version:  v12.18.2
[debug] [2020-12-10T18:38:23.024Z] Time:          Thu Dec 10 2020 12:38:22 GMT-0600 (GMT-06:00)
[debug] [2020-12-10T18:38:23.025Z] ----------------------------------------------------------------------
[debug] [2020-12-10T18:38:23.026Z] 
[debug] [2020-12-10T18:38:23.083Z] > command requires scopes: ["email","openid","https://www.googleapis.com/auth/cloudplatformprojects.readonly","https://www.googleapis.com/auth/firebase","https://www.googleapis.com/auth/cloud-platform"]
[debug] [2020-12-10T18:38:23.085Z] > authorizing via signed-in user
[info] 
     ######## #### ########  ######## ########     ###     ######  ########
     ##        ##  ##     ## ##       ##     ##  ##   ##  ##       ##
     ######    ##  ########  ######   ########  #########  ######  ######
     ##        ##  ##    ##  ##       ##     ## ##     ##       ## ##
     ##       #### ##     ## ######## ########  ##     ##  ######  ########

You're about to initialize a Firebase project in this directory:

  C:\angular_projects\HiperEFE_project\angularHEFE

Before we get started, keep in mind:

  * You are currently outside your home directory
  * You are initializing in an existing Firebase project directory

[info] 
=== Project Setup
[info] 
[info] First, let's associate this project directory with a Firebase project.
[info] You can create multiple project aliases by running firebase use --add, 
[info] but for now we'll just set up a default project.
[info] 
[info] i  .firebaserc already has a default project, using hiper-efe. 
[debug] [2020-12-10T18:39:01.207Z] >>> HTTP REQUEST GET https://firebase.googleapis.com/v1beta1/projects/hiper-efe  
 
[debug] [2020-12-10T18:39:02.407Z] <<< HTTP RESPONSE 403 {"vary":"X-Origin, Referer, Origin,Accept-Encoding","content-type":"application/json; charset=UTF-8","date":"Thu, 10 Dec 2020 18:39:02 GMT","server":"ESF","cache-control":"private","x-xss-protection":"0","x-frame-options":"SAMEORIGIN","x-content-type-options":"nosniff","alt-svc":"h3-29=\":443\"; ma=2592000,h3-T051=\":443\"; ma=2592000,h3-Q050=\":443\"; ma=2592000,h3-Q046=\":443\"; ma=2592000,h3-Q043=\":443\"; ma=2592000,quic=\":443\"; ma=2592000; v=\"46,43\"","accept-ranges":"none","transfer-encoding":"chunked"}
[debug] [2020-12-10T18:39:02.407Z] <<< HTTP RESPONSE BODY {"error":{"code":403,"message":"The caller does not have permission","status":"PERMISSION_DENIED"}}
[debug] [2020-12-10T18:39:02.427Z] HTTP Error: 403, The caller does not have permission
[debug] [2020-12-10T18:39:02.430Z] FirebaseError: HTTP Error: 403, The caller does not have permission
    at module.exports (C:\Users\Josue\AppData\Roaming\npm\node_modules\firebase-tools\lib\responseToError.js:38:12)
    at Request._callback (C:\Users\Josue\AppData\Roaming\npm\node_modules\firebase-tools\lib\api.js:41:35)
    at Request.self.callback (C:\Users\Josue\AppData\Roaming\npm\node_modules\firebase-tools\node_modules\request\request.js:185:22)
    at Request.emit (events.js:315:20)
    at Request.EventEmitter.emit (domain.js:482:12)
    at Request.<anonymous> (C:\Users\Josue\AppData\Roaming\npm\node_modules\firebase-tools\node_modules\request\request.js:1154:10)
    at Request.emit (events.js:315:20)
    at Request.EventEmitter.emit (domain.js:482:12)
    at IncomingMessage.<anonymous> (C:\Users\Josue\AppData\Roaming\npm\node_modules\firebase-tools\node_modules\request\request.js:1076:12)
    at Object.onceWrapper (events.js:421:28)
    at IncomingMessage.emit (events.js:327:22)
    at IncomingMessage.EventEmitter.emit (domain.js:482:12)
    at endReadableNT (_stream_readable.js:1221:12)
    at processTicksAndRejections (internal/process/task_queues.js:84:21)
[error] 
[error] Error: Failed to get Firebase project hiper-efe. Please make sure the project exists and your account has permission to access it.
[debug] [2020-12-10T18:39:51.639Z] ----------------------------------------------------------------------
[debug] [2020-12-10T18:39:51.643Z] Command:       C:\Program Files\nodejs\node.exe C:\Users\Josue\AppData\Roaming\npm\node_modules\firebase-tools\lib\bin\firebase.js init
[debug] [2020-12-10T18:39:51.643Z] CLI Version:   8.16.2
[debug] [2020-12-10T18:39:51.643Z] Platform:      win32
[debug] [2020-12-10T18:39:51.644Z] Node Version:  v12.18.2
[debug] [2020-12-10T18:39:51.646Z] Time:          Thu Dec 10 2020 12:39:51 GMT-0600 (GMT-06:00)
[debug] [2020-12-10T18:39:51.646Z] ----------------------------------------------------------------------
[debug] [2020-12-10T18:39:51.647Z] 
[debug] [2020-12-10T18:39:51.657Z] > command requires scopes: ["email","openid","https://www.googleapis.com/auth/cloudplatformprojects.readonly","https://www.googleapis.com/auth/firebase","https://www.googleapis.com/auth/cloud-platform"]
[debug] [2020-12-10T18:39:51.657Z] > authorizing via signed-in user
[info] 
     ######## #### ########  ######## ########     ###     ######  ########
     ##        ##  ##     ## ##       ##     ##  ##   ##  ##       ##
     ######    ##  ########  ######   ########  #########  ######  ######
     ##        ##  ##    ##  ##       ##     ## ##     ##       ## ##
     ##       #### ##     ## ######## ########  ##     ##  ######  ########

You're about to initialize a Firebase project in this directory:

  C:\angular_projects\HiperEFE_project\angularHEFE

Before we get started, keep in mind:

  * You are currently outside your home directory
  * You are initializing in an existing Firebase project directory

[info] 
=== Project Setup
[info] 
[info] First, let's associate this project directory with a Firebase project.
[info] You can create multiple project aliases by running firebase use --add, 
[info] but for now we'll just set up a default project.
[info] 
[info] i  .firebaserc already has a default project, using hiper-efe. 
[debug] [2020-12-10T18:40:32.579Z] >>> HTTP REQUEST GET https://firebase.googleapis.com/v1beta1/projects/hiper-efe  
 
[debug] [2020-12-10T18:40:33.108Z] <<< HTTP RESPONSE 403 {"vary":"X-Origin, Referer, Origin,Accept-Encoding","content-type":"application/json; charset=UTF-8","date":"Thu, 10 Dec 2020 18:40:32 GMT","server":"ESF","cache-control":"private","x-xss-protection":"0","x-frame-options":"SAMEORIGIN","x-content-type-options":"nosniff","alt-svc":"h3-29=\":443\"; ma=2592000,h3-T051=\":443\"; ma=2592000,h3-Q050=\":443\"; ma=2592000,h3-Q046=\":443\"; ma=2592000,h3-Q043=\":443\"; ma=2592000,quic=\":443\"; ma=2592000; v=\"46,43\"","accept-ranges":"none","transfer-encoding":"chunked"}
[debug] [2020-12-10T18:40:33.108Z] <<< HTTP RESPONSE BODY {"error":{"code":403,"message":"The caller does not have permission","status":"PERMISSION_DENIED"}}
[debug] [2020-12-10T18:40:33.110Z] HTTP Error: 403, The caller does not have permission
[debug] [2020-12-10T18:40:33.112Z] FirebaseError: HTTP Error: 403, The caller does not have permission
    at module.exports (C:\Users\Josue\AppData\Roaming\npm\node_modules\firebase-tools\lib\responseToError.js:38:12)
    at Request._callback (C:\Users\Josue\AppData\Roaming\npm\node_modules\firebase-tools\lib\api.js:41:35)
    at Request.self.callback (C:\Users\Josue\AppData\Roaming\npm\node_modules\firebase-tools\node_modules\request\request.js:185:22)
    at Request.emit (events.js:315:20)
    at Request.EventEmitter.emit (domain.js:482:12)
    at Request.<anonymous> (C:\Users\Josue\AppData\Roaming\npm\node_modules\firebase-tools\node_modules\request\request.js:1154:10)
    at Request.emit (events.js:315:20)
    at Request.EventEmitter.emit (domain.js:482:12)
    at IncomingMessage.<anonymous> (C:\Users\Josue\AppData\Roaming\npm\node_modules\firebase-tools\node_modules\request\request.js:1076:12)
    at Object.onceWrapper (events.js:421:28)
    at IncomingMessage.emit (events.js:327:22)
    at IncomingMessage.EventEmitter.emit (domain.js:482:12)
    at endReadableNT (_stream_readable.js:1221:12)
    at processTicksAndRejections (internal/process/task_queues.js:84:21)
[error] 
[error] Error: Failed to get Firebase project hiper-efe. Please make sure the project exists and your account has permission to access it.
